Using pre-set license

 COMMAND LINE ARGUMENTS:
/Applications/Unity/Hub/Editor/2020.2.1f1/Unity.app/Contents/MacOS/Unity
-adb2
-batchMode
-noUpm
-name
AssetImportWorker0
-projectPath
/Users/tylerprince/Documents/GitHub/Assignment01/MyFirstGame
-logFile
Logs/AssetImportWorker0.log
-srvPort
49903
Successfully changed project path to: /Users/tylerprince/Documents/GitHub/Assignment01/MyFirstGame
/Users/tylerprince/Documents/GitHub/Assignment01/MyFirstGame
Using Asset Import Pipeline V2.
Refreshing native plugins compatible for Editor in 20.90 ms, found 1 plugins.
Preloading 0 native plugins for Editor in 0.00 ms.
Initialize engine version: 2020.2.1f1 (270dd8c3da1c)
[Subsystems] Discovering subsystems at path /Applications/Unity/Hub/Editor/2020.2.1f1/Unity.app/Contents/Resources/UnitySubsystems
[Subsystems] Discovering subsystems at path /Users/tylerprince/Documents/GitHub/Assignment01/MyFirstGame/Assets
GfxDevice: creating device client; threaded=0
2021-01-30 22:24:53.989 Unity[53663:4104414] iMac preferred device: AMD Radeon Pro Vega 56 (high power)
2021-01-30 22:24:53.989 Unity[53663:4104414] Metal devices available: 1
2021-01-30 22:24:53.989 Unity[53663:4104414] 0: AMD Radeon Pro Vega 56 (high power)
2021-01-30 22:24:53.989 Unity[53663:4104414] Using device AMD Radeon Pro Vega 56 (high power)
Initializing Metal device caps: AMD Radeon Pro Vega 56
Initialize mono
Mono path[0] = '/Applications/Unity/Hub/Editor/2020.2.1f1/Unity.app/Contents/Managed'
Mono path[1] = '/Applications/Unity/Hub/Editor/2020.2.1f1/Unity.app/Contents/MonoBleedingEdge/lib/mono/unityjit'
Mono config path = '/Applications/Unity/Hub/Editor/2020.2.1f1/Unity.app/Contents/MonoBleedingEdge/etc'
Using monoOptions --debugger-agent=transport=dt_socket,embedding=1,server=y,suspend=n,address=127.0.0.1:56663
Begin MonoManager ReloadAssembly
Registering precompiled unity dll's ...
Register platform support module: /Applications/Unity/Hub/Editor/2020.2.1f1/Unity.app/Contents/PlaybackEngines/MacStandaloneSupport/UnityEditor.OSXStandalone.Extensions.dll
Registered in 0.000500 seconds.
Native extension for OSXStandalone target not found
Refreshing native plugins compatible for Editor in 22.70 ms, found 1 plugins.
Preloading 0 native plugins for Editor in 0.00 ms.
Invoked RoslynAnalysisRunner static constructor.
RoslynAnalysisRunner will not be running.
RoslynAnalysisRunner has terminated.
Mono: successfully reloaded assembly
- Completed reload, in  1.797 seconds
Platform modules already initialized, skipping
Registering precompiled user dll's ...
Registered in 0.000451 seconds.
Begin MonoManager ReloadAssembly
Native extension for OSXStandalone target not found
Refreshing native plugins compatible for Editor in 0.26 ms, found 1 plugins.
Preloading 0 native plugins for Editor in 0.00 ms.
Invoked RoslynAnalysisRunner static constructor.
RoslynAnalysisRunner will not be running.
RoslynAnalysisRunner has terminated.
Mono: successfully reloaded assembly
- Completed reload, in  0.917 seconds
Platform modules already initialized, skipping
========================================================================
Worker process is ready to serve import requests
Launching external process: /Applications/Unity/Hub/Editor/2020.2.1f1/Unity.app/Contents/Tools/UnityShaderCompiler
Launched and connected shader compiler UnityShaderCompiler after 0.02 seconds
Refreshing native plugins compatible for Editor in 0.24 ms, found 1 plugins.
Preloading 0 native plugins for Editor in 0.00 ms.
Unloading 1102 Unused Serialized files (Serialized files now loaded: 0)
System memory in use before: 123.2 MB.
System memory in use after: 123.3 MB.

Unloading 10 unused Assets to reduce memory usage. Loaded Objects now: 1544.
Total: 1.887730 ms (FindLiveObjects: 0.172437 ms CreateObjectMapping: 0.027419 ms MarkObjects: 1.615672 ms  DeleteObjects: 0.071021 ms)

========================================================================
Received Import Request.
  path: Assets/Scenes/Main Menu.unity
  artifactKey: Guid(a168b6b6483c540c385774d94efc908b) Importer(815301076,1909f56bfc062723c751e8b465ee728b)
Start importing Assets/Scenes/Main Menu.unity using Guid(a168b6b6483c540c385774d94efc908b) Importer(815301076,1909f56bfc062723c751e8b465ee728b)  -> (artifact id: 'c43894e8a867c553e0bb2f3db0c1ed47') in 0.009776 seconds
  Import took 0.011862 seconds .

========================================================================
Received Prepare
Registering precompiled user dll's ...
Registered in 0.000329 seconds.
Begin MonoManager ReloadAssembly
Native extension for OSXStandalone target not found
Refreshing native plugins compatible for Editor in 0.26 ms, found 1 plugins.
Preloading 0 native plugins for Editor in 0.00 ms.
Invoked RoslynAnalysisRunner static constructor.
RoslynAnalysisRunner will not be running.
RoslynAnalysisRunner has terminated.
Mono: successfully reloaded assembly
- Completed reload, in  0.781 seconds
Platform modules already initialized, skipping
Refreshing native plugins compatible for Editor in 0.23 ms, found 1 plugins.
Preloading 0 native plugins for Editor in 0.00 ms.
Unloading 1097 Unused Serialized files (Serialized files now loaded: 0)
System memory in use before: 123.6 MB.
System memory in use after: 123.7 MB.

Unloading 5 unused Assets to reduce memory usage. Loaded Objects now: 1546.
Total: 1.732420 ms (FindLiveObjects: 0.160072 ms CreateObjectMapping: 0.025592 ms MarkObjects: 1.500595 ms  DeleteObjects: 0.045244 ms)

========================================================================
Received Import Request.
  Time since last request: 188.982450 seconds.
  path: Assets/Scenes/Level01.unity
  artifactKey: Guid(f1d1abcaaf1ff4b30baf283406b799a5) Importer(815301076,1909f56bfc062723c751e8b465ee728b)
Start importing Assets/Scenes/Level01.unity using Guid(f1d1abcaaf1ff4b30baf283406b799a5) Importer(815301076,1909f56bfc062723c751e8b465ee728b)  -> (artifact id: '2c27081b95d780d1d65842930afa9415') in 0.008947 seconds
  Import took 0.011027 seconds .

========================================================================
Received Import Request.
  Time since last request: 251.929068 seconds.
  path: Assets/Scenes/Level01.unity
  artifactKey: Guid(f1d1abcaaf1ff4b30baf283406b799a5) Importer(815301076,1909f56bfc062723c751e8b465ee728b)
Start importing Assets/Scenes/Level01.unity using Guid(f1d1abcaaf1ff4b30baf283406b799a5) Importer(815301076,1909f56bfc062723c751e8b465ee728b)  -> (artifact id: 'd6cc862016407f97224079358d3e3ec5') in 0.001174 seconds
  Import took 0.003219 seconds .

========================================================================
Received Prepare
Registering precompiled user dll's ...
Registered in 0.000333 seconds.
Begin MonoManager ReloadAssembly
Native extension for OSXStandalone target not found
Refreshing native plugins compatible for Editor in 0.25 ms, found 1 plugins.
Preloading 0 native plugins for Editor in 0.00 ms.
Invoked RoslynAnalysisRunner static constructor.
RoslynAnalysisRunner will not be running.
RoslynAnalysisRunner has terminated.
Mono: successfully reloaded assembly
- Completed reload, in  0.786 seconds
Platform modules already initialized, skipping
Refreshing native plugins compatible for Editor in 0.22 ms, found 1 plugins.
Preloading 0 native plugins for Editor in 0.00 ms.
Unloading 1097 Unused Serialized files (Serialized files now loaded: 0)
System memory in use before: 124.2 MB.
System memory in use after: 124.2 MB.

Unloading 5 unused Assets to reduce memory usage. Loaded Objects now: 1548.
Total: 1.929112 ms (FindLiveObjects: 0.191392 ms CreateObjectMapping: 0.033756 ms MarkObjects: 1.653380 ms  DeleteObjects: 0.049335 ms)

